android/app/build/outputs/mapping/release/seeds.txt
io.github.cawfree.android.MainActivity
io.github.cawfree.android.MainActivity: MainActivity()
io.github.cawfree.android.R$anim: int abc_fade_in
io.github.cawfree.android.R$anim: int abc_fade_out
io.github.cawfree.android.R$anim: int abc_grow_fade_in_from_bottom
io.github.cawfree.android.R$anim: int abc_popup_enter
io.github.cawfree.android.R$anim: int abc_popup_exit
io.github.cawfree.android.R$anim: int abc_shrink_fade_out_from_bottom
io.github.cawfree.android.R$anim: int abc_slide_in_bottom
io.github.cawfree.android.R$anim: int abc_slide_in_top
io.github.cawfree.android.R$anim: int abc_slide_out_bottom
io.github.cawfree.android.R$anim: int abc_slide_out_top
io.github.cawfree.android.R$attr: int actionBarDivider
io.github.cawfree.android.R$attr: int actionBarItemBackground
io.github.cawfree.android.R$attr: int actionBarPopupTheme
io.github.cawfree.android.R$attr: int actionBarSize
io.github.cawfree.android.R$attr: int actionBarSplitStyle
io.github.cawfree.android.R$attr: int actionBarStyle
io.github.cawfree.android.R$attr: int actionBarTabBarStyle
io.github.cawfree.android.R$attr: int actionBarTabStyle
io.github.cawfree.android.R$attr: int actionBarTabTextStyle
io.github.cawfree.android.R$attr: int actionBarTheme
io.github.cawfree.android.R$attr: int actionBarWidgetTheme
io.github.cawfree.android.R$attr: int actionButtonStyle
io.github.cawfree.android.R$attr: int actionDropDownStyle
io.github.cawfree.android.R$attr: int actionLayout
io.github.cawfree.android.R$attr: int actionMenuTextAppearance
io.github.cawfree.android.R$attr: int actionMenuTextColor
io.github.cawfree.android.R$attr: int actionModeBackground
io.github.cawfree.android.R$attr: int actionModeCloseButtonStyle
io.github.cawfree.android.R$attr: int actionModeCloseDrawable
io.github.cawfree.android.R$attr: int actionModeCopyDrawable
io.github.cawfree.android.R$attr: int actionModeCutDrawable
io.github.cawfree.android.R$attr: int actionModeFindDrawable
io.github.cawfree.android.R$attr: int actionModePasteDrawable
io.github.cawfree.android.R$attr: int actionModePopupWindowStyle
io.github.cawfree.android.R$attr: int actionModeSelectAllDrawable
io.github.cawfree.android.R$bool: int abc_action_bar_embed_tabs
io.github.cawfree.android.R$bool: int abc_allow_stacked_button_bar
io.github.cawfree.android.R$bool: int abc_config_actionMenuItemAllCaps
io.github.cawfree.android.R$bool: int abc_config_closeDialogWhenTouchOutside
io.github.cawfree.android.R$bool: int abc_config_showMenuShortcutsWhenKeyboardPresent
io.github.cawfree.android.R$color: int abc_background_cache_hint_selector_material_dark
io.github.cawfree.android.R$color: int abc_background_cache_hint_selector_material_light
io.github.cawfree.android.R$color: int abc_btn_colored_borderless_text_material
io.github.cawfree.android.R$color: int abc_color_highlight_material
io.github.cawfree.android.R$color: int abc_hint_foreground_material_dark
io.github.cawfree.android.R$color: int abc_hint_foreground_material_light
io.github.cawfree.android.R$color: int abc_input_method_navigation_guard
io.github.cawfree.android.R$color: int abc_primary_text_disable_only_material_dark
io.github.cawfree.android.R$color: int abc_primary_text_disable_only_material_light
io.github.cawfree.android.R$color: int abc_primary_text_material_dark
io.github.cawfree.android.R$color: int abc_primary_text_material_light
io.github.cawfree.android.R$color: int abc_search_url_text
io.github.cawfree.android.R$color: int abc_search_url_text_normal
io.github.cawfree.android.R$color: int abc_search_url_text_pressed
io.github.cawfree.android.R$color: int abc_search_url_text_selected
io.github.cawfree.android.R$color: int abc_secondary_text_material_dark
io.github.cawfree.android.R$color: int abc_secondary_text_material_light
io.github.cawfree.android.R$color: int abc_tint_btn_checkable
io.github.cawfree.android.R$color: int abc_tint_default
io.github.cawfree.android.R$color: int abc_tint_edittext
io.github.cawfree.android.R$color: int abc_tint_seek_thumb
...
android.support.v4.app.FragmentActivity: FragmentActivity()
android.support.v4.app.FragmentManagerState: android.os.Parcelable$Creator CREATOR
android.support.v4.app.FragmentState: android.os.Parcelable$Creator CREATOR
android.support.v4.app.FragmentTabHost: FragmentTabHost(android.content.Context)
android.support.v4.app.FragmentTabHost: FragmentTabHost(android.content.Context,android.util.AttributeSet)
android.support.v4.app.FragmentTabHost: void setOnTabChangedListener(android.widget.TabHost$OnTabChangeListener)
android.support.v4.app.FragmentTabHost$SavedState: android.os.Parcelable$Creator CREATOR
android.support.v4.content.ModernAsyncTask$Status: android.support.v4.content.ModernAsyncTask$Status[] values()
android.support.v4.content.ModernAsyncTask$Status: android.support.v4.content.ModernAsyncTask$Status valueOf(java.lang.String)
android.support.v4.content.WakefulBroadcastReceiver: WakefulBroadcastReceiver()
android.support.v4.media.MediaBrowserCompat$MediaItem: android.os.Parcelable$Creator CREATOR
android.support.v4.media.MediaDescriptionCompat: android.os.Parcelable$Creator CREATOR
android.support.v4.media.MediaMetadataCompat: android.os.Parcelable$Creator CREATOR
android.support.v4.media.RatingCompat: android.os.Parcelable$Creator CREATOR
android.support.v4.media.session.MediaSessionCompat$QueueItem: android.os.Parcelable$Creator CREATOR
android.support.v4.media.session.MediaSessionCompat$ResultReceiverWrapper: android.os.Parcelable$Creator CREATOR
android.support.v4.media.session.MediaSessionCompat$Token: android.os.Parcelable$Creator CREATOR
android.support.v4.media.session.ParcelableVolumeInfo: android.os.Parcelable$Creator CREATOR
android.support.v4.media.session.PlaybackStateCompat: android.os.Parcelable$Creator CREATOR
android.support.v4.media.session.PlaybackStateCompat$CustomAction: android.os.Parcelable$Creator CREATOR
android.support.v4.os.ResultReceiver: android.os.Parcelable$Creator CREATOR
android.support.v4.view.AbsSavedState: android.os.Parcelable$Creator CREATOR
android.support.v4.view.PagerTabStrip: PagerTabStrip(android.content.Context)
android.support.v4.view.PagerTabStrip: PagerTabStrip(android.content.Context,android.util.AttributeSet)
android.support.v4.view.PagerTabStrip: void setTabIndicatorColor(int)
android.support.v4.view.PagerTabStrip: void setTabIndicatorColorResource(int)
android.support.v4.view.PagerTabStrip: int getTabIndicatorColor()
android.support.v4.view.PagerTabStrip: void setTextSpacing(int)
android.support.v4.view.PagerTabStrip: void setBackgroundDrawable(android.graphics.drawable.Drawable)
android.support.v4.view.PagerTabStrip: void setBackgroundColor(int)
android.support.v4.view.PagerTabStrip: void setBackgroundResource(int)
android.support.v4.view.PagerTabStrip: void setDrawFullUnderline(boolean)
android.support.v4.view.PagerTabStrip: boolean getDrawFullUnderline()
android.support.v4.view.PagerTabStrip: int getMinHeight()
android.support.v4.view.PagerTitleStrip: void setSingleLineAllCaps(android.widget.TextView)
android.support.v4.view.PagerTitleStrip: PagerTitleStrip(android.content.Context)
android.support.v4.view.PagerTitleStrip: PagerTitleStrip(android.content.Context,android.util.AttributeSet)
android.support.v4.view.PagerTitleStrip: void setTextSpacing(int)
android.support.v4.view.PagerTitleStrip: int getTextSpacing()
android.support.v4.view.PagerTitleStrip: void setNonPrimaryAlpha(float)
android.support.v4.view.PagerTitleStrip: void setTextColor(int)
android.support.v4.view.PagerTitleStrip: void setGravity(int)
android.support.v4.view.PagerTitleStrip: int getMinHeight()