android/app/build/outputs/mapping/release/mapping.txt
io.github.cawfree.android.MainActivity -> io.github.cawfree.android.MainActivity:
    18:18:void <init>() -> <init>
    25:59:void onCreate(android.os.Bundle) -> onCreate
io.github.cawfree.android.MainActivity$1 -> io.github.cawfree.android.MainActivity$1:
    io.github.cawfree.android.MainActivity this$0 -> a
    34:34:void <init>(io.github.cawfree.android.MainActivity) -> <init>
    38:43:void onDataChange(com.google.firebase.database.DataSnapshot) -> a
    47:48:void onCancelled(com.google.firebase.database.DatabaseError) -> a
...
android.support.v7.widget.ActionMenuView$MenuBuilderCallback -> android.support.v7.widget.ActionMenuView$d:
    android.support.v7.widget.ActionMenuView this$0 -> a
    771:772:void <init>(android.support.v7.widget.ActionMenuView) -> <init>
    776:777:boolean onMenuItemSelected(android.support.v7.view.menu.MenuBuilder,android.view.MenuItem) -> a
    782:785:void onMenuModeChange(android.support.v7.view.menu.MenuBuilder) -> a
android.support.v7.widget.ActionMenuView$OnMenuItemClickListener -> android.support.v7.widget.ActionMenuView$e:
    boolean onMenuItemClick(android.view.MenuItem) -> a
android.support.v7.widget.ActivityChooserModel -> android.support.v7.widget.e:
    java.lang.String LOG_TAG -> a
    java.lang.Object sRegistryLock -> e
    java.util.Map sDataModelRegistry -> f
    java.lang.Object mInstanceLock -> g
    java.util.List mActivities -> h
    java.util.List mHistoricalRecords -> i
    android.content.Context mContext -> b
    java.lang.String mHistoryFileName -> c
    android.content.Intent mIntent -> j
    android.support.v7.widget.ActivityChooserModel$ActivitySorter mActivitySorter -> k
    int mHistoryMaxSize -> l
    boolean mCanReadHistoricalData -> d
    boolean mReadShareHistoryCalled -> m
    boolean mHistoricalRecordsChanged -> n
    boolean mReloadActivities -> o
    android.support.v7.widget.ActivityChooserModel$OnChooseActivityListener mActivityChoserModelPolicy -> p
    396:399:int getActivityCount() -> a
    411:414:android.content.pm.ResolveInfo getActivity(int) -> a
    425:436:int getActivityIndex(android.content.pm.ResolveInfo) -> a
    458:489:android.content.Intent chooseActivity(int) -> b
    513:519:android.content.pm.ResolveInfo getDefaultActivity() -> b
    533:555:void setDefaultActivity(int) -> c
    567:578:void persistHistoricalDataIfNeeded() -> d
    642:645:int getHistorySize() -> c
    655:662:void ensureConsistentState() -> e
    672:678:boolean sortActivitiesIfNeeded() -> f
    688:700:boolean loadActivitiesIfNeeded() -> g
    711:718:boolean readHistoricalDataIfNeeded() -> h
android.support.v7.widget.ActivityChooserModel$ActivityResolveInfo -> android.support.v7.widget.e$a:
    android.content.pm.ResolveInfo resolveInfo -> a
    float weight -> b
    android.support.v7.widget.ActivityChooserModel this$0 -> c
    870:872:void <init>(android.support.v7.widget.ActivityChooserModel,android.content.pm.ResolveInfo) -> <init>
    876:876:int hashCode() -> hashCode
    881:894:boolean equals(java.lang.Object) -> equals
    898:898:int compareTo(android.support.v7.widget.ActivityChooserModel$ActivityResolveInfo) -> a
    903:908:java.lang.String toString() -> toString
    853:853:int compareTo(java.lang.Object) -> compareTo
android.support.v7.widget.ActivityChooserModel$ActivitySorter -> android.support.v7.widget.e$b:
    void sort(android.content.Intent,java.util.List,java.util.List) -> a
android.support.v7.widget.ActivityChooserModel$HistoricalRecord -> android.support.v7.widget.e$c:
    android.content.ComponentName activity -> a
    long time -> b
    float weight -> c
    784:785:void <init>(java.lang.String,long,float) -> <init>
    794:798:void <init>(android.content.ComponentName,long,float) -> <init>
    802:807:int hashCode() -> hashCode
    812:835:boolean equals(java.lang.Object) -> equals
    840:846:java.lang.String toString() -> toString
android.support.v7.widget.ActivityChooserModel$OnChooseActivityListener -> android.support.v7.widget.e$d:
    boolean onChooseActivity(android.support.v7.widget.ActivityChooserModel,android.content.Intent) -> a
android.support.v7.widget.ActivityChooserModel$PersistHistoryAsyncTask -> android.support.v7.widget.e$e:
    android.support.v7.widget.ActivityChooserModel this$0 -> a
    1038:1039:void <init>(android.support.v7.widget.ActivityChooserModel) -> <init>
    1044:1099:java.lang.Void doInBackground(java.lang.Object[]) -> a
    1036:1036:java.lang.Object doInBackground(java.lang.Object[]) -> doInBackground