android/app/build/outputs/mapping/release/usage.txt
io.github.cawfree.android.BuildConfig
io.github.cawfree.android.MainActivity:
    private static final java.lang.String TAG
io.github.cawfree.android.Manifest
io.github.cawfree.android.Manifest$permission
io.github.cawfree.android.R
io.github.cawfree.android.R$anim
io.github.cawfree.android.R$attr
io.github.cawfree.android.R$bool
io.github.cawfree.android.R$color
io.github.cawfree.android.R$dimen
io.github.cawfree.android.R$drawable
io.github.cawfree.android.R$id
io.github.cawfree.android.R$integer
io.github.cawfree.android.R$layout
io.github.cawfree.android.R$mipmap
io.github.cawfree.android.R$string
io.github.cawfree.android.R$style
io.github.cawfree.android.R$styleable
...
android.support.v4.media.session.IMediaSession
android.support.v4.media.session.IMediaSession$Stub
android.support.v4.media.session.IMediaSession$Stub$Proxy
android.support.v4.media.session.MediaButtonReceiver
android.support.v4.media.session.MediaControllerCompat
android.support.v4.media.session.MediaControllerCompat$Callback
android.support.v4.media.session.MediaControllerCompat$Callback$MessageHandler
android.support.v4.media.session.MediaControllerCompat$Callback$StubApi21
android.support.v4.media.session.MediaControllerCompat$Callback$StubCompat
android.support.v4.media.session.MediaControllerCompat$MediaControllerImpl
android.support.v4.media.session.MediaControllerCompat$MediaControllerImplApi21
android.support.v4.media.session.MediaControllerCompat$MediaControllerImplApi23
android.support.v4.media.session.MediaControllerCompat$MediaControllerImplApi24
android.support.v4.media.session.MediaControllerCompat$MediaControllerImplBase
android.support.v4.media.session.MediaControllerCompat$PlaybackInfo
android.support.v4.media.session.MediaControllerCompat$TransportControls
android.support.v4.media.session.MediaControllerCompat$TransportControlsApi21
android.support.v4.media.session.MediaControllerCompat$TransportControlsApi23
android.support.v4.media.session.MediaControllerCompat$TransportControlsApi24
android.support.v4.media.session.MediaControllerCompat$TransportControlsBase
android.support.v4.media.session.MediaControllerCompatApi21
android.support.v4.media.session.MediaControllerCompatApi21$Callback
android.support.v4.media.session.MediaControllerCompatApi21$CallbackProxy
android.support.v4.media.session.MediaControllerCompatApi21$PlaybackInfo
android.support.v4.media.session.MediaControllerCompatApi21$TransportControls
android.support.v4.media.session.MediaControllerCompatApi23
android.support.v4.media.session.MediaControllerCompatApi23$TransportControls
android.support.v4.media.session.MediaControllerCompatApi24
android.support.v4.media.session.MediaControllerCompatApi24$TransportControls
android.support.v4.media.session.MediaSessionCompat
android.support.v4.media.session.MediaSessionCompat$Callback
android.support.v4.media.session.MediaSessionCompat$Callback$StubApi21
android.support.v4.media.session.MediaSessionCompat$Callback$StubApi23
android.support.v4.media.session.MediaSessionCompat$Callback$StubApi24
android.support.v4.media.session.MediaSessionCompat$MediaSessionImpl
android.support.v4.media.session.MediaSessionCompat$MediaSessionImplApi21
android.support.v4.media.session.MediaSessionCompat$MediaSessionImplBase
android.support.v4.media.session.MediaSessionCompat$MediaSessionImplBase$1
android.support.v4.media.session.MediaSessionCompat$MediaSessionImplBase$2
android.support.v4.media.session.MediaSessionCompat$MediaSessionImplBase$Command
android.support.v4.media.session.MediaSessionCompat$MediaSessionImplBase$MediaSessionStub
android.support.v4.media.session.MediaSessionCompat$MediaSessionImplBase$MessageHandler
android.support.v4.media.session.MediaSessionCompat$OnActiveChangeListener
android.support.v4.media.session.MediaSessionCompat$QueueItem
android.support.v4.media.session.MediaSessionCompat$QueueItem$1
android.support.v4.media.session.MediaSessionCompat$ResultReceiverWrapper
android.support.v4.media.session.MediaSessionCompat$ResultReceiverWrapper$1
android.support.v4.media.session.MediaSessionCompat$SessionFlags
android.support.v4.media.session.MediaSessionCompat$Token
android.support.v4.media.session.MediaSessionCompat$Token$1
android.support.v4.media.session.MediaSessionCompatApi14
android.support.v4.media.session.MediaSessionCompatApi18
android.support.v4.media.session.MediaSessionCompatApi18$Callback
android.support.v4.media.session.MediaSessionCompatApi18$OnPlaybackPositionUpdateListener
android.support.v4.media.session.MediaSessionCompatApi19
android.support.v4.media.session.MediaSessionCompatApi19$Callback
android.support.v4.media.session.MediaSessionCompatApi19$OnMetadataUpdateListener